<?xml version="1.0" encoding="UTF-8"?>
<!-- Generated by org.testng.reporters.JUnitXMLReporter -->
<testsuite ignored="3" hostname="Ramprasanths-MacBook-Pro.local" failures="0" tests="1" name="selenium-grid" time="6.31" errors="0" timestamp="2021-11-17T11:27:17 IST">
  <testcase classname="com.vapasi.ParallelTest" name="test1" time="6.24"/>
  <testcase classname="com.vapasi.ParallelTest" name="test4" time="0.0">
    <ignored/>
  </testcase> <!-- test4 -->
  <testcase classname="com.vapasi.ParallelTest" name="test3" time="0.0">
    <ignored/>
  </testcase> <!-- test3 -->
  <testcase classname="com.vapasi.ParallelTest" name="test2" time="0.0">
    <ignored/>
  </testcase> <!-- test2 -->
</testsuite> <!-- selenium-grid -->
