<?xml version="1.0" encoding="UTF-8"?>
<testng-results ignored="3" total="4" passed="1" failed="0" skipped="0">
  <reporter-output>
  </reporter-output>
  <suite started-at="2021-11-17T11:27:11 IST" name="Default Suite" finished-at="2021-11-17T11:27:17 IST" duration-ms="6310">
    <groups>
    </groups>
    <test started-at="2021-11-17T11:27:11 IST" name="selenium-grid" finished-at="2021-11-17T11:27:17 IST" duration-ms="6310">
      <class name="com.vapasi.ParallelTest">
        <test-method is-config="true" signature="setDriverPaths()[pri:0, instance:com.vapasi.ParallelTest@58a90037]" started-at="2021-11-17T11:27:11 IST" name="setDriverPaths" finished-at="2021-11-17T11:27:11 IST" duration-ms="20" status="PASS">
          <reporter-output>
          </reporter-output>
        </test-method> <!-- setDriverPaths -->
        <test-method signature="test1()[pri:0, instance:com.vapasi.ParallelTest@58a90037]" started-at="2021-11-17T11:27:11 IST" name="test1" finished-at="2021-11-17T11:27:17 IST" duration-ms="6240" status="PASS">
          <reporter-output>
          </reporter-output>
        </test-method> <!-- test1 -->
      </class> <!-- com.vapasi.ParallelTest -->
    </test> <!-- selenium-grid -->
  </suite> <!-- Default Suite -->
</testng-results>
