<?xml version="1.0" encoding="UTF-8"?>
<!-- Generated by org.testng.reporters.JUnitXMLReporter -->
<testsuite ignored="0" hostname="Ramprasanths-MacBook-Pro.local" failures="0" tests="4" name="Parallel Tests" time="10.114" errors="0" timestamp="2021-11-02T11:54:44 IST">
  <testcase classname="com.vapasi.ParallelTest" name="test1" time="1.48"/>
  <testcase classname="com.vapasi.ParallelTest" name="test2" time="2.035"/>
  <testcase classname="com.vapasi.ParallelTest" name="test3" time="1.653"/>
  <testcase classname="com.vapasi.ParallelTest" name="test4" time="2.1"/>
</testsuite> <!-- Parallel Tests -->
